<?xml version="1.0" encoding="UTF-8"?>
<testng-results skipped="0" failed="0" ignored="0" total="1" passed="1">
  <reporter-output>
  </reporter-output>
  <suite name="Default suite" duration-ms="22210" started-at="2018-01-02T16:00:46Z" finished-at="2018-01-02T16:01:08Z">
    <groups>
    </groups>
    <test name="Default test" duration-ms="22210" started-at="2018-01-02T16:00:46Z" finished-at="2018-01-02T16:01:08Z">
      <class name="by.htp.mailrutestproject.ta.RunTest">
        <test-method status="PASS" signature="setUp()[pri:0, instance:by.htp.mailrutestproject.ta.RunTest@28feb3fa]" name="setUp" is-config="true" duration-ms="4954" started-at="2018-01-02T19:00:46Z" description="Init browser" finished-at="2018-01-02T19:00:51Z">
          <reporter-output>
          </reporter-output>
        </test-method> <!-- setUp -->
        <test-method status="PASS" signature="logIn()[pri:0, instance:by.htp.mailrutestproject.ta.RunTest@28feb3fa]" name="logIn" duration-ms="17221" started-at="2018-01-02T19:00:51Z" description="Log in and send message" finished-at="2018-01-02T19:01:08Z">
          <reporter-output>
          </reporter-output>
        </test-method> <!-- logIn -->
        <test-method status="PASS" signature="stopBrowser()[pri:0, instance:by.htp.mailrutestproject.ta.RunTest@28feb3fa]" name="stopBrowser" is-config="true" duration-ms="0" started-at="2018-01-02T19:01:08Z" description="Stop Browser" finished-at="2018-01-02T19:01:08Z">
          <reporter-output>
          </reporter-output>
        </test-method> <!-- stopBrowser -->
      </class> <!-- by.htp.mailrutestproject.ta.RunTest -->
    </test> <!-- Default test -->
  </suite> <!-- Default suite -->
</testng-results>
